[0m[1mgoogle_service_account.api: Refreshing state... [id=projects/ln-prod-web/serviceAccounts/api-sa@ln-prod-web.iam.gserviceaccount.com][0m
[0m[1mgoogle_project_iam_member.sql: Refreshing state... [id=ln-prod-web/roles/cloudsql.instanceUser/serviceAccount:api-sa@ln-prod-web.iam.gserviceaccount.com][0m
[0m[1mgoogle_cloud_run_v2_service.api: Refreshing state... [id=projects/ln-prod-web/locations/us-central1/services/api][0m
[0m[1mgoogle_cloud_run_v2_service_iam_member.public: Refreshing state... [id=projects/ln-prod-web/locations/us-central1/services/api/roles/run.invoker/allUsers][0m

Terraform used the selected providers to generate the following execution
plan. Resource actions are indicated with the following symbols:
  [32m+[0m create[0m
  [33m~[0m update in-place[0m

Terraform will perform the following actions:

[1m  # google_cloud_run_v2_service.api[0m will be updated in-place
[0m  [33m~[0m[0m resource "google_cloud_run_v2_service" "api" {
        id                      = "projects/ln-prod-web/locations/us-central1/services/api"
        name                    = "api"
        [90m# (25 unchanged attributes hidden)[0m[0m

      [33m~[0m[0m template {
            [90m# (6 unchanged attributes hidden)[0m[0m

          [33m~[0m[0m containers {
              [33m~[0m[0m image      = "us-central1-docker.pkg.dev/ln-prod-automation/docker/api:1.1.1" [33m->[0m[0m "us-central1-docker.pkg.dev/ln-prod-automation/docker/api:1.1.2"
                [90m# (3 unchanged attributes hidden)[0m[0m

                [90m# (3 unchanged blocks hidden)[0m[0m
            }

            [90m# (1 unchanged block hidden)[0m[0m
        }

        [90m# (1 unchanged block hidden)[0m[0m
    }

[1m  # google_project_iam_member.editor[0m will be created
[0m  [32m+[0m[0m resource "google_project_iam_member" "editor" {
      [32m+[0m[0m etag    = (known after apply)
      [32m+[0m[0m id      = (known after apply)
      [32m+[0m[0m member  = "serviceAccount:api-sa@ln-prod-web.iam.gserviceaccount.com"
      [32m+[0m[0m project = "ln-prod-web"
      [32m+[0m[0m role    = "roles/editor"
    }

[1mPlan:[0m 1 to add, 1 to change, 0 to destroy.
[0m[0m[1mgoogle_project_iam_member.editor: Creating...[0m[0m
[0m[1mgoogle_cloud_run_v2_service.api: Modifying... [id=projects/ln-prod-web/locations/us-central1/services/api][0m[0m
[0m[1mgoogle_cloud_run_v2_service.api: Modifications complete after 0s [id=projects/ln-prod-web/locations/us-central1/services/api][0m
[0m[1mgoogle_project_iam_member.editor: Creation complete after 6s [id=ln-prod-web/roles/editor/serviceAccount:api-sa@ln-prod-web.iam.gserviceaccount.com][0m
[0m[1m[32m
Apply complete! Resources: 1 added, 1 changed, 0 destroyed.
[0m
The state of your infrastructure has been saved to the path below. This state
is required to modify and destroy your infrastructure, so keep it safe. To
inspect the complete state use the `terraform show` command.

State path: foo
